<?xml version="1.0" encoding="UTF-8"?>
<robot generator="Robot 3.1.2 (Python 3.7.6 on win32)" generated="20200310 15:34:32.943" rpa="false">
<suite id="s1" name="Tagging" source="C:\Users\THILAK\PycharmProjects\robotselenium\Testcases\Tagging.robot">
<test id="s1-t1" name="TC1 User registration test">
<kw name="Log To Console" library="BuiltIn">
<doc>Logs the given message to the console.</doc>
<arguments>
<arg>This is User reg test</arg>
</arguments>
<status status="PASS" starttime="20200310 15:34:33.002" endtime="20200310 15:34:33.003"></status>
</kw>
<kw name="Log To Console" library="BuiltIn">
<doc>Logs the given message to the console.</doc>
<arguments>
<arg>User reg test is over</arg>
</arguments>
<status status="PASS" starttime="20200310 15:34:33.004" endtime="20200310 15:34:33.004"></status>
</kw>
<tags>
<tag>Sanity</tag>
</tags>
<status status="PASS" starttime="20200310 15:34:33.001" endtime="20200310 15:34:33.005" critical="yes"></status>
</test>
<test id="s1-t2" name="TC2 Login Test">
<kw name="Log To Console" library="BuiltIn">
<doc>Logs the given message to the console.</doc>
<arguments>
<arg>This is login test</arg>
</arguments>
<status status="PASS" starttime="20200310 15:34:33.007" endtime="20200310 15:34:33.031"></status>
</kw>
<kw name="Log To Console" library="BuiltIn">
<doc>Logs the given message to the console.</doc>
<arguments>
<arg>login test is over</arg>
</arguments>
<status status="PASS" starttime="20200310 15:34:33.033" endtime="20200310 15:34:33.033"></status>
</kw>
<tags>
<tag>Regression</tag>
</tags>
<status status="PASS" starttime="20200310 15:34:33.006" endtime="20200310 15:34:33.034" critical="yes"></status>
</test>
<test id="s1-t3" name="TC3 Change user setting Test">
<kw name="Log To Console" library="BuiltIn">
<doc>Logs the given message to the console.</doc>
<arguments>
<arg>This is changing user setting test</arg>
</arguments>
<status status="PASS" starttime="20200310 15:34:33.041" endtime="20200310 15:34:33.044"></status>
</kw>
<kw name="Log To Console" library="BuiltIn">
<doc>Logs the given message to the console.</doc>
<arguments>
<arg>changing user setting test</arg>
<arg>is over</arg>
</arguments>
<status status="PASS" starttime="20200310 15:34:33.045" endtime="20200310 15:34:33.047"></status>
</kw>
<tags>
<tag>Regression</tag>
</tags>
<status status="PASS" starttime="20200310 15:34:33.039" endtime="20200310 15:34:33.047" critical="yes"></status>
</test>
<test id="s1-t4" name="TC4 Logout Test">
<kw name="Log To Console" library="BuiltIn">
<doc>Logs the given message to the console.</doc>
<arguments>
<arg>This is logout test</arg>
</arguments>
<status status="PASS" starttime="20200310 15:34:33.050" endtime="20200310 15:34:33.050"></status>
</kw>
<kw name="Log To Console" library="BuiltIn">
<doc>Logs the given message to the console.</doc>
<arguments>
<arg>logout test is over</arg>
</arguments>
<status status="PASS" starttime="20200310 15:34:33.051" endtime="20200310 15:34:33.052"></status>
</kw>
<tags>
<tag>Sanity</tag>
</tags>
<status status="PASS" starttime="20200310 15:34:33.049" endtime="20200310 15:34:33.052" critical="yes"></status>
</test>
<status status="PASS" starttime="20200310 15:34:32.947" endtime="20200310 15:34:33.053"></status>
</suite>
<statistics>
<total>
<stat pass="4" fail="0">Critical Tests</stat>
<stat pass="4" fail="0">All Tests</stat>
</total>
<tag>
<stat pass="2" fail="0">Regression</stat>
<stat pass="2" fail="0">Sanity</stat>
</tag>
<suite>
<stat pass="4" fail="0" id="s1" name="Tagging">Tagging</stat>
</suite>
</statistics>
<errors>
</errors>
</robot>
